This is pdfTeX, Version 3.141592653-2.6-1.40.24 (MiKTeX 21.12.10) (preloaded format=pdflatex 2021.12.15)  28 APR 2022 09:13
entering extended mode
 restricted \write18 enabled.
 file:line:error style messages enabled.
 %&-line parsing enabled.
**c:/Users/lukes/Documents/Black-Scholes/Black-Scholes.tex
(c:/Users/lukes/Documents/Black-Scholes/Black-Scholes.tex
LaTeX2e <2021-11-15> patch level 1
L3 programming layer <2021-11-22> (C:\Users\lukes\AppData\Local\Programs\MiKTeX\tex/latex/base\article.cls
Document Class: article 2021/10/04 v1.4n Standard LaTeX document class
(C:\Users\lukes\AppData\Local\Programs\MiKTeX\tex/latex/base\size11.clo
File: size11.clo 2021/10/04 v1.4n Standard LaTeX file (size option)
)
\c@part=\count183
\c@section=\count184
\c@subsection=\count185
\c@subsubsection=\count186
\c@paragraph=\count187
\c@subparagraph=\count188
\c@figure=\count189
\c@table=\count190
\abovecaptionskip=\skip47
\belowcaptionskip=\skip48
\bibindent=\dimen138
) (C:\Users\lukes\AppData\Local\Programs\MiKTeX\tex/latex/base\inputenc.sty
Package: inputenc 2021/02/14 v1.3d Input encoding file
\inpenc@prehook=\toks16
\inpenc@posthook=\toks17
) (C:\Users\lukes\AppData\Local\Programs\MiKTeX\tex/latex/biblatex\biblatex.sty
Package: biblatex 2020/12/31 v3.16 programmable bibliographies (PK/MW)
 (C:\Users\lukes\AppData\Local\Programs\MiKTeX\tex/generic/pdftexcmds\pdftexcmds.sty
Package: pdftexcmds 2020-06-27 v0.33 Utility functions of pdfTeX for LuaTeX (HO)
 (C:\Users\lukes\AppData\Local\Programs\MiKTeX\tex/generic/infwarerr\infwarerr.sty
Package: infwarerr 2019/12/03 v1.5 Providing info/warning/error messages (HO)
) (C:\Users\lukes\AppData\Local\Programs\MiKTeX\tex/generic/iftex\iftex.sty
Package: iftex 2020/03/06 v1.0d TeX engine tests
) (C:\Users\lukes\AppData\Local\Programs\MiKTeX\tex/generic/ltxcmds\ltxcmds.sty
Package: ltxcmds 2020-05-10 v1.25 LaTeX kernel commands for general use (HO)
)
Package pdftexcmds Info: \pdf@primitive is available.
Package pdftexcmds Info: \pdf@ifprimitive is available.
Package pdftexcmds Info: \pdfdraftmode found.
) (C:\Users\lukes\AppData\Local\Programs\MiKTeX\tex/latex/etoolbox\etoolbox.sty
Package: etoolbox 2020/10/05 v2.5k e-TeX tools for LaTeX (JAW)
\etb@tempcnta=\count191
) (C:\Users\lukes\AppData\Local\Programs\MiKTeX\tex/latex/graphics\keyval.sty
Package: keyval 2014/10/28 v1.15 key=value parser (DPC)
\KV@toks@=\toks18
) (C:\Users\lukes\AppData\Local\Programs\MiKTeX\tex/latex/kvoptions\kvoptions.sty
Package: kvoptions 2020-10-07 v3.14 Key value format for package options (HO)
 (C:\Users\lukes\AppData\Local\Programs\MiKTeX\tex/generic/kvsetkeys\kvsetkeys.sty
Package: kvsetkeys 2019/12/15 v1.18 Key value parser (HO)
)) (C:\Users\lukes\AppData\Local\Programs\MiKTeX\tex/latex/logreq\logreq.sty
Package: logreq 2010/08/04 v1.0 xml request logger
\lrq@indent=\count192
 (C:\Users\lukes\AppData\Local\Programs\MiKTeX\tex/latex/logreq\logreq.def
File: logreq.def 2010/08/04 v1.0 logreq spec v1.0
)) (C:\Users\lukes\AppData\Local\Programs\MiKTeX\tex/latex/base\ifthen.sty
Package: ifthen 2020/11/24 v1.1c Standard LaTeX ifthen package (DPC)
) (C:\Users\lukes\AppData\Local\Programs\MiKTeX\tex/latex/url\url.sty
\Urlmuskip=\muskip16
Package: url 2013/09/16  ver 3.4  Verb mode for urls, etc.
)
\c@tabx@nest=\count193
\c@listtotal=\count194
\c@listcount=\count195
\c@liststart=\count196
\c@liststop=\count197
\c@citecount=\count198
\c@citetotal=\count199
\c@multicitecount=\count266
\c@multicitetotal=\count267
\c@instcount=\count268
\c@maxnames=\count269
\c@minnames=\count270
\c@maxitems=\count271
\c@minitems=\count272
\c@citecounter=\count273
\c@maxcitecounter=\count274
\c@savedcitecounter=\count275
\c@uniquelist=\count276
\c@uniquename=\count277
\c@refsection=\count278
\c@refsegment=\count279
\c@maxextratitle=\count280
\c@maxextratitleyear=\count281
\c@maxextraname=\count282
\c@maxextradate=\count283
\c@maxextraalpha=\count284
\c@abbrvpenalty=\count285
\c@highnamepenalty=\count286
\c@lownamepenalty=\count287
\c@maxparens=\count288
\c@parenlevel=\count289
\blx@tempcnta=\count290
\blx@tempcntb=\count291
\blx@tempcntc=\count292
\blx@maxsection=\count293
\blx@maxsegment@0=\count294
\blx@notetype=\count295
\blx@parenlevel@text=\count296
\blx@parenlevel@foot=\count297
\blx@sectionciteorder@0=\count298
\blx@entrysetcounter=\count299
\blx@biblioinstance=\count300
\labelnumberwidth=\skip49
\labelalphawidth=\skip50
\biblabelsep=\skip51
\bibitemsep=\skip52
\bibnamesep=\skip53
\bibinitsep=\skip54
\bibparsep=\skip55
\bibhang=\skip56
\blx@bcfin=\read2
\blx@bcfout=\write3
\blx@langwohyphens=\language79
\c@mincomprange=\count301
\c@maxcomprange=\count302
\c@mincompwidth=\count303
Package biblatex Info: Trying to load biblatex default data model...
Package biblatex Info: ... file 'blx-dm.def' found.
 (C:\Users\lukes\AppData\Local\Programs\MiKTeX\tex/latex/biblatex\blx-dm.def
File: blx-dm.def 2020/12/31 v3.16 biblatex localization (PK/MW)
)
Package biblatex Info: Trying to load biblatex custom data model...
Package biblatex Info: ... file 'biblatex-dm.cfg' not found.
\c@afterword=\count304
\c@savedafterword=\count305
\c@annotator=\count306
\c@savedannotator=\count307
\c@author=\count308
\c@savedauthor=\count309
\c@bookauthor=\count310
\c@savedbookauthor=\count311
\c@commentator=\count312
\c@savedcommentator=\count313
\c@editor=\count314
\c@savededitor=\count315
\c@editora=\count316
\c@savededitora=\count317
\c@editorb=\count318
\c@savededitorb=\count319
\c@editorc=\count320
\c@savededitorc=\count321
\c@foreword=\count322
\c@savedforeword=\count323
\c@holder=\count324
\c@savedholder=\count325
\c@introduction=\count326
\c@savedintroduction=\count327
\c@namea=\count328
\c@savednamea=\count329
\c@nameb=\count330
\c@savednameb=\count331
\c@namec=\count332
\c@savednamec=\count333
\c@translator=\count334
\c@savedtranslator=\count335
\c@shortauthor=\count336
\c@savedshortauthor=\count337
\c@shorteditor=\count338
\c@savedshorteditor=\count339
\c@labelname=\count340
\c@savedlabelname=\count341
\c@institution=\count342
\c@savedinstitution=\count343
\c@lista=\count344
\c@savedlista=\count345
\c@listb=\count346
\c@savedlistb=\count347
\c@listc=\count348
\c@savedlistc=\count349
\c@listd=\count350
\c@savedlistd=\count351
\c@liste=\count352
\c@savedliste=\count353
\c@listf=\count354
\c@savedlistf=\count355
\c@location=\count356
\c@savedlocation=\count357
\c@organization=\count358
\c@savedorganization=\count359
\c@origlocation=\count360
\c@savedoriglocation=\count361
\c@origpublisher=\count362
\c@savedorigpublisher=\count363
\c@publisher=\count364
\c@savedpublisher=\count365
\c@language=\count366
\c@savedlanguage=\count367
\c@origlanguage=\count368
\c@savedoriglanguage=\count369
\c@pageref=\count370
\c@savedpageref=\count371
\shorthandwidth=\skip57
\shortjournalwidth=\skip58
\shortserieswidth=\skip59
\shorttitlewidth=\skip60
\shortauthorwidth=\skip61
\shorteditorwidth=\skip62
\locallabelnumberwidth=\skip63
\locallabelalphawidth=\skip64
\localshorthandwidth=\skip65
\localshortjournalwidth=\skip66
\localshortserieswidth=\skip67
\localshorttitlewidth=\skip68
\localshortauthorwidth=\skip69
\localshorteditorwidth=\skip70
Package biblatex Info: Trying to load compatibility code...
Package biblatex Info: ... file 'blx-compat.def' found.
 (C:\Users\lukes\AppData\Local\Programs\MiKTeX\tex/latex/biblatex\blx-compat.def
File: blx-compat.def 2020/12/31 v3.16 biblatex compatibility (PK/MW)
)
Package biblatex Info: Trying to load generic definitions...
Package biblatex Info: ... file 'biblatex.def' found.
 (C:\Users\lukes\AppData\Local\Programs\MiKTeX\tex/latex/biblatex\biblatex.def
File: biblatex.def 2020/12/31 v3.16 biblatex compatibility (PK/MW)
\c@textcitecount=\count372
\c@textcitetotal=\count373
\c@textcitemaxnames=\count374
\c@biburlbigbreakpenalty=\count375
\c@biburlbreakpenalty=\count376
\c@biburlnumpenalty=\count377
\c@biburlucpenalty=\count378
\c@biburllcpenalty=\count379
\biburlbigskip=\muskip17
\biburlnumskip=\muskip18
\biburlucskip=\muskip19
\biburllcskip=\muskip20
\c@smartand=\count380
)
Package biblatex Info: Trying to load bibliography style 'numeric'...
Package biblatex Info: ... file 'numeric.bbx' found.
 (C:\Users\lukes\AppData\Local\Programs\MiKTeX\tex/latex/biblatex/bbx\numeric.bbx
File: numeric.bbx 2020/12/31 v3.16 biblatex bibliography style (PK/MW)
Package biblatex Info: Trying to load bibliography style 'standard'...
Package biblatex Info: ... file 'standard.bbx' found.
 (C:\Users\lukes\AppData\Local\Programs\MiKTeX\tex/latex/biblatex/bbx\standard.bbx
File: standard.bbx 2020/12/31 v3.16 biblatex bibliography style (PK/MW)
\c@bbx:relatedcount=\count381
\c@bbx:relatedtotal=\count382
))
Package biblatex Info: Trying to load citation style 'numeric'...
Package biblatex Info: ... file 'numeric.cbx' found.
 (C:\Users\lukes\AppData\Local\Programs\MiKTeX\tex/latex/biblatex/cbx\numeric.cbx
File: numeric.cbx 2020/12/31 v3.16 biblatex citation style (PK/MW)
Package biblatex Info: Redefining '\cite'.
Package biblatex Info: Redefining '\parencite'.
Package biblatex Info: Redefining '\footcite'.
Package biblatex Info: Redefining '\footcitetext'.
Package biblatex Info: Redefining '\smartcite'.
Package biblatex Info: Redefining '\supercite'.
Package biblatex Info: Redefining '\textcite'.
Package biblatex Info: Redefining '\textcites'.
Package biblatex Info: Redefining '\cites'.
Package biblatex Info: Redefining '\parencites'.
Package biblatex Info: Redefining '\smartcites'.
)
Package biblatex Info: Trying to load configuration file...
Package biblatex Info: ... file 'biblatex.cfg' found.
 (C:\Users\lukes\AppData\Local\Programs\MiKTeX\tex/latex/biblatex\biblatex.cfg
File: biblatex.cfg 
)) (C:\Users\lukes\AppData\Local\Programs\MiKTeX\tex/latex/graphics\graphicx.sty
Package: graphicx 2021/09/16 v1.2d Enhanced LaTeX Graphics (DPC,SPQR)
 (C:\Users\lukes\AppData\Local\Programs\MiKTeX\tex/latex/graphics\graphics.sty
Package: graphics 2021/03/04 v1.4d Standard LaTeX Graphics (DPC,SPQR)
 (C:\Users\lukes\AppData\Local\Programs\MiKTeX\tex/latex/graphics\trig.sty
Package: trig 2021/08/11 v1.11 sin cos tan (DPC)
) (C:\Users\lukes\AppData\Local\Programs\MiKTeX\tex/latex/graphics-cfg\graphics.cfg
File: graphics.cfg 2016/06/04 v1.11 sample graphics configuration
)
Package graphics Info: Driver file: pdftex.def on input line 107.
 (C:\Users\lukes\AppData\Local\Programs\MiKTeX\tex/latex/graphics-def\pdftex.def
File: pdftex.def 2020/10/05 v1.2a Graphics/color driver for pdftex
))
\Gin@req@height=\dimen139
\Gin@req@width=\dimen140
) (C:\Users\lukes\AppData\Local\Programs\MiKTeX\tex/latex/geometry\geometry.sty
Package: geometry 2020/01/02 v5.9 Page Geometry
 (C:\Users\lukes\AppData\Local\Programs\MiKTeX\tex/generic/iftex\ifvtex.sty
Package: ifvtex 2019/10/25 v1.7 ifvtex legacy package. Use iftex instead.
)
\Gm@cnth=\count383
\Gm@cntv=\count384
\c@Gm@tempcnt=\count385
\Gm@bindingoffset=\dimen141
\Gm@wd@mp=\dimen142
\Gm@odd@mp=\dimen143
\Gm@even@mp=\dimen144
\Gm@layoutwidth=\dimen145
\Gm@layoutheight=\dimen146
\Gm@layouthoffset=\dimen147
\Gm@layoutvoffset=\dimen148
\Gm@dimlist=\toks19
 (C:\Users\lukes\AppData\Local\Programs\MiKTeX\tex/latex/geometry\geometry.cfg)) (C:\Users\lukes\AppData\Local\Programs\MiKTeX\tex/latex/booktabs\booktabs.sty
Package: booktabs 2020/01/12 v1.61803398 Publication quality tables
\heavyrulewidth=\dimen149
\lightrulewidth=\dimen150
\cmidrulewidth=\dimen151
\belowrulesep=\dimen152
\belowbottomsep=\dimen153
\aboverulesep=\dimen154
\abovetopsep=\dimen155
\cmidrulesep=\dimen156
\cmidrulekern=\dimen157
\defaultaddspace=\dimen158
\@cmidla=\count386
\@cmidlb=\count387
\@aboverulesep=\dimen159
\@belowrulesep=\dimen160
\@thisruleclass=\count388
\@lastruleclass=\count389
\@thisrulewidth=\dimen161
) (C:\Users\lukes\AppData\Local\Programs\MiKTeX\tex/generic/babel\babel.sty
Package: babel 2021/11/29 3.67 The Babel package
\babel@savecnt=\count390
\U@D=\dimen162
\l@unhyphenated=\language80
 (C:\Users\lukes\AppData\Local\Programs\MiKTeX\tex/generic/babel\txtbabel.def)
\bbl@readstream=\read3
\bbl@dirlevel=\count391

*************************************
* Local config file bblopts.cfg used
*
(C:\Users\lukes\AppData\Local\Programs\MiKTeX\tex/latex/arabi\bblopts.cfg
File: bblopts.cfg 2005/09/08 v0.1 add Arabic and Farsi to "declared" options of babel
) (C:\Users\lukes\AppData\Local\Programs\MiKTeX\tex/latex/babel-english\english.ldf
Language: english 2017/06/06 v3.3r English support from the babel system
Package babel Info: Hyphen rules for 'canadian' set to \l@english
(babel)             (\language0). Reported on input line 102.
Package babel Info: Hyphen rules for 'australian' set to \l@ukenglish
(babel)             (\language73). Reported on input line 105.
Package babel Info: Hyphen rules for 'newzealand' set to \l@ukenglish
(babel)             (\language73). Reported on input line 108.
)) (C:\Users\lukes\AppData\Local\Programs\MiKTeX\tex/latex/amscls\amsthm.sty
Package: amsthm 2020/05/29 v2.20.6
\thm@style=\toks20
\thm@bodyfont=\toks21
\thm@headfont=\toks22
\thm@notefont=\toks23
\thm@headpunct=\toks24
\thm@preskip=\skip71
\thm@postskip=\skip72
\thm@headsep=\skip73
\dth@everypar=\toks25
) (C:\Users\lukes\AppData\Local\Programs\MiKTeX\tex/latex/amsmath\amsmath.sty
Package: amsmath 2021/10/15 v2.17l AMS math features
\@mathmargin=\skip74

For additional information on amsmath, use the `?' option.
(C:\Users\lukes\AppData\Local\Programs\MiKTeX\tex/latex/amsmath\amstext.sty
Package: amstext 2021/08/26 v2.01 AMS text
 (C:\Users\lukes\AppData\Local\Programs\MiKTeX\tex/latex/amsmath\amsgen.sty
File: amsgen.sty 1999/11/30 v2.0 generic functions
\@emptytoks=\toks26
\ex@=\dimen163
)) (C:\Users\lukes\AppData\Local\Programs\MiKTeX\tex/latex/amsmath\amsbsy.sty
Package: amsbsy 1999/11/29 v1.2d Bold Symbols
\pmbraise@=\dimen164
) (C:\Users\lukes\AppData\Local\Programs\MiKTeX\tex/latex/amsmath\amsopn.sty
Package: amsopn 2021/08/26 v2.02 operator names
)
\inf@bad=\count392
LaTeX Info: Redefining \frac on input line 234.
\uproot@=\count393
\leftroot@=\count394
LaTeX Info: Redefining \overline on input line 399.
\classnum@=\count395
\DOTSCASE@=\count396
LaTeX Info: Redefining \ldots on input line 496.
LaTeX Info: Redefining \dots on input line 499.
LaTeX Info: Redefining \cdots on input line 620.
\Mathstrutbox@=\box50
\strutbox@=\box51
\big@size=\dimen165
LaTeX Font Info:    Redeclaring font encoding OML on input line 743.
LaTeX Font Info:    Redeclaring font encoding OMS on input line 744.
\macc@depth=\count397
\c@MaxMatrixCols=\count398
\dotsspace@=\muskip21
\c@parentequation=\count399
\dspbrk@lvl=\count400
\tag@help=\toks27
\row@=\count401
\column@=\count402
\maxfields@=\count403
\andhelp@=\toks28
\eqnshift@=\dimen166
\alignsep@=\dimen167
\tagshift@=\dimen168
\tagwidth@=\dimen169
\totwidth@=\dimen170
\lineht@=\dimen171
\@envbody=\toks29
\multlinegap=\skip75
\multlinetaggap=\skip76
\mathdisplay@stack=\toks30
LaTeX Info: Redefining \[ on input line 2938.
LaTeX Info: Redefining \] on input line 2939.
) (C:\Users\lukes\AppData\Local\Programs\MiKTeX\tex/latex/tools\array.sty
Package: array 2021/10/04 v2.5f Tabular extension package (FMi)
\col@sep=\dimen172
\ar@mcellbox=\box52
\extrarowheight=\dimen173
\NC@list=\toks31
\extratabsurround=\skip77
\backup@length=\skip78
\ar@cellbox=\box53
) (C:\Users\lukes\AppData\Local\Programs\MiKTeX\tex/latex/paralist\paralist.sty
Package: paralist 2017/01/22 v2.7 Extended list environments
\pltopsep=\skip79
\plpartopsep=\skip80
\plitemsep=\skip81
\plparsep=\skip82
\pl@lab=\toks32
) (C:\Users\lukes\AppData\Local\Programs\MiKTeX\tex/latex/tools\verbatim.sty
Package: verbatim 2020-07-07 v1.5u LaTeX2e package for verbatim enhancements
\every@verbatim=\toks33
\verbatim@line=\toks34
\verbatim@in@stream=\read4
) (C:\Users\lukes\AppData\Local\Programs\MiKTeX\tex/latex/subfig\subfig.sty
Package: subfig 2005/06/28 ver: 1.3 subfig package
 (C:\Users\lukes\AppData\Local\Programs\MiKTeX\tex/latex/caption\caption.sty
Package: caption 2020/10/26 v3.5g Customizing captions (AR)
 (C:\Users\lukes\AppData\Local\Programs\MiKTeX\tex/latex/caption\caption3.sty
Package: caption3 2020/10/21 v2.2e caption3 kernel (AR)
\captionmargin=\dimen174
\captionmargin@=\dimen175
\captionwidth=\dimen176
\caption@tempdima=\dimen177
\caption@indent=\dimen178
\caption@parindent=\dimen179
\caption@hangindent=\dimen180
Package caption Info: Standard document class detected.
)
\c@caption@flags=\count404
\c@continuedfloat=\count405
)
\c@KVtest=\count406
\sf@farskip=\skip83
\sf@captopadj=\dimen181
\sf@capskip=\skip84
\sf@nearskip=\skip85
\c@subfigure=\count407
\c@subfigure@save=\count408
\c@lofdepth=\count409
\c@subtable=\count410
\c@subtable@save=\count411
\c@lotdepth=\count412
\sf@top=\skip86
\sf@bottom=\skip87
) (C:\Users\lukes\AppData\Local\Programs\MiKTeX\tex/latex/fancyhdr\fancyhdr.sty
Package: fancyhdr 2021/01/28 v4.0.1 Extensive control of page headers and footers
\f@nch@headwidth=\skip88
\f@nch@O@elh=\skip89
\f@nch@O@erh=\skip90
\f@nch@O@olh=\skip91
\f@nch@O@orh=\skip92
\f@nch@O@elf=\skip93
\f@nch@O@erf=\skip94
\f@nch@O@olf=\skip95
\f@nch@O@orf=\skip96
) (C:\Users\lukes\AppData\Local\Programs\MiKTeX\tex/latex/sectsty\sectsty.sty
Package: sectsty 2002/02/25 v2.0.2 Commands to change all sectional heading styles


LaTeX Warning: Command \underbar  has changed.
               Check if current package is valid.


LaTeX Warning: Command \underline  has changed.
               Check if current package is valid.

) (C:\Users\lukes\AppData\Local\Programs\MiKTeX\tex/latex/amsfonts\amsfonts.sty
Package: amsfonts 2013/01/14 v3.01 Basic AMSFonts support
\symAMSa=\mathgroup4
\symAMSb=\mathgroup5
LaTeX Font Info:    Redeclaring math symbol \hbar on input line 98.
LaTeX Font Info:    Overwriting math alphabet `\mathfrak' in version `bold'
(Font)                  U/euf/m/n --> U/euf/b/n on input line 106.
) (C:\Users\lukes\AppData\Local\Programs\MiKTeX\tex/latex/tocbibind\tocbibind.sty
Package: tocbibind 2010/10/13 v1.5k extra ToC listings
Package tocbibind Info: The document has section divisions on input line 50.


Package tocbibind Note: Using section or other style headings.

) (C:\Users\lukes\AppData\Local\Programs\MiKTeX\tex/latex/tocloft\tocloft.sty
Package: tocloft 2017/08/31 v2.3i parameterised ToC, etc., typesetting
Package tocloft Info: The document has section divisions on input line 51.
\cftparskip=\skip97
\cftbeforetoctitleskip=\skip98
\cftaftertoctitleskip=\skip99
\cftbeforepartskip=\skip100
\cftpartnumwidth=\skip101
\cftpartindent=\skip102
\cftbeforesecskip=\skip103
\cftsecindent=\skip104
\cftsecnumwidth=\skip105
\cftbeforesubsecskip=\skip106
\cftsubsecindent=\skip107
\cftsubsecnumwidth=\skip108
\cftbeforesubsubsecskip=\skip109
\cftsubsubsecindent=\skip110
\cftsubsubsecnumwidth=\skip111
\cftbeforeparaskip=\skip112
\cftparaindent=\skip113
\cftparanumwidth=\skip114
\cftbeforesubparaskip=\skip115
\cftsubparaindent=\skip116
\cftsubparanumwidth=\skip117
\cftbeforeloftitleskip=\skip118
\cftafterloftitleskip=\skip119
\cftbeforefigskip=\skip120
\cftfigindent=\skip121
\cftfignumwidth=\skip122
\cftbeforelottitleskip=\skip123
\cftafterlottitleskip=\skip124
\cftbeforetabskip=\skip125
\cfttabindent=\skip126
\cfttabnumwidth=\skip127
\cftbeforesubfigskip=\skip128
\cftsubfigindent=\skip129
\cftsubfignumwidth=\skip130
\cftbeforesubtabskip=\skip131
\cftsubtabindent=\skip132
\cftsubtabnumwidth=\skip133
)
\c@theorem=\count413
\c@corollary=\count414


Package biblatex Warning: 'babel/polyglossia' detected but 'csquotes' missing.
(biblatex)                Loading 'csquotes' recommended.

\@quotelevel=\count415
\@quotereset=\count416
(C:\Users\lukes\AppData\Local\Programs\MiKTeX\tex/latex/l3backend\l3backend-pdftex.def
File: l3backend-pdftex.def 2021-10-18 L3 backend support: PDF output (pdfTeX)
\l__color_backend_stack_int=\count417
\l__pdf_internal_box=\box54
) (Black-Scholes.aux)
\openout1 = `Black-Scholes.aux'.

LaTeX Font Info:    Checking defaults for OML/cmm/m/it on input line 76.
LaTeX Font Info:    ... okay on input line 76.
LaTeX Font Info:    Checking defaults for OMS/cmsy/m/n on input line 76.
LaTeX Font Info:    ... okay on input line 76.
LaTeX Font Info:    Checking defaults for OT1/cmr/m/n on input line 76.
LaTeX Font Info:    ... okay on input line 76.
LaTeX Font Info:    Checking defaults for T1/cmr/m/n on input line 76.
LaTeX Font Info:    ... okay on input line 76.
LaTeX Font Info:    Checking defaults for TS1/cmr/m/n on input line 76.
LaTeX Font Info:    ... okay on input line 76.
LaTeX Font Info:    Checking defaults for OMX/cmex/m/n on input line 76.
LaTeX Font Info:    ... okay on input line 76.
LaTeX Font Info:    Checking defaults for U/cmr/m/n on input line 76.
LaTeX Font Info:    ... okay on input line 76.
Package biblatex Info: Trying to load language 'english'...
Package biblatex Info: ... file 'english.lbx' found.
 (C:\Users\lukes\AppData\Local\Programs\MiKTeX\tex/latex/biblatex/lbx\english.lbx
File: english.lbx 2020/12/31 v3.16 biblatex localization (PK/MW)
)
Package biblatex Info: Input encoding 'utf8' detected.
Package biblatex Info: Automatic encoding selection.
(biblatex)             Assuming data encoding 'utf8'.
Package biblatex Info: Document encoding is UTF8 ....
 (C:\Users\lukes\AppData\Local\Programs\MiKTeX\tex/latex/l3kernel\expl3.sty
Package: expl3 2021-11-22 L3 programming layer (loader) 
)
Package biblatex Info: ... and expl3
(biblatex)             2021-11-22 L3 programming layer (loader) 
(biblatex)             is new enough (at least 2020/04/06),
(biblatex)             setting 'casechanger=expl3'.
 (C:\Users\lukes\AppData\Local\Programs\MiKTeX\tex/latex/biblatex\blx-case-expl3.sty (C:\Users\lukes\AppData\Local\Programs\MiKTeX\tex/latex/l3packages/xparse\xparse.sty
Package: xparse 2021-11-12 L3 Experimental document command parser
)
Package: blx-case-expl3 2020/12/31 v3.16 expl3 case changing code for biblatex
)
\openout3 = `Black-Scholes.bcf'.

Package biblatex Info: Trying to load bibliographic data...
Package biblatex Info: ... file 'Black-Scholes.bbl' found.
 (Black-Scholes.bbl)
Package biblatex Info: Reference section=0 on input line 76.
Package biblatex Info: Reference segment=0 on input line 76.
 (C:\Users\lukes\AppData\Local\Programs\MiKTeX\tex/context/base/mkii\supp-pdf.mkii
[Loading MPS to PDF converter (version 2006.09.02).]
\scratchcounter=\count418
\scratchdimen=\dimen182
\scratchbox=\box55
\nofMPsegments=\count419
\nofMParguments=\count420
\everyMPshowfont=\toks35
\MPscratchCnt=\count421
\MPscratchDim=\dimen183
\MPnumerator=\count422
\makeMPintoPDFobject=\count423
\everyMPtoPDFconversion=\toks36
) (C:\Users\lukes\AppData\Local\Programs\MiKTeX\tex/latex/epstopdf-pkg\epstopdf-base.sty
Package: epstopdf-base 2020-01-24 v2.11 Base part for package epstopdf
Package epstopdf-base Info: Redefining graphics rule for `.eps' on input line 485.
 (C:\Users\lukes\AppData\Local\Programs\MiKTeX\tex/latex/00miktex\epstopdf-sys.cfg
File: epstopdf-sys.cfg 2021/03/18 v2.0 Configuration of epstopdf for MiKTeX
))
*geometry* driver: auto-detecting
*geometry* detected driver: pdftex
*geometry* verbose mode - [ preamble ] result:
* driver: pdftex
* paper: a4paper
* layout: <same size as paper>
* layoutoffset:(h,v)=(0.0pt,0.0pt)
* modes: 
* h-part:(L,W,R)=(89.62709pt, 418.25368pt, 89.6271pt)
* v-part:(T,H,B)=(101.40665pt, 591.5302pt, 152.11pt)
* \paperwidth=597.50787pt
* \paperheight=845.04684pt
* \textwidth=418.25368pt
* \textheight=591.5302pt
* \oddsidemargin=17.3571pt
* \evensidemargin=17.3571pt
* \topmargin=-7.86334pt
* \headheight=12.0pt
* \headsep=25.0pt
* \topskip=11.0pt
* \footskip=30.0pt
* \marginparwidth=59.0pt
* \marginparsep=10.0pt
* \columnsep=10.0pt
* \skip\footins=10.0pt plus 4.0pt minus 2.0pt
* \hoffset=0.0pt
* \voffset=0.0pt
* \mag=1000
* \@twocolumnfalse
* \@twosidefalse
* \@mparswitchfalse
* \@reversemarginfalse
* (1in=72.27pt=25.4mm, 1cm=28.453pt)

Package caption Info: Begin \AtBeginDocument code.
Package caption Info: subfig package v1.3 is loaded.
Package caption Info: End \AtBeginDocument code.
LaTeX Font Info:    Trying to load font information for U+msa on input line 78.
(C:\Users\lukes\AppData\Local\Programs\MiKTeX\tex/latex/amsfonts\umsa.fd
File: umsa.fd 2013/01/14 v3.01 AMS symbols A
)
LaTeX Font Info:    Trying to load font information for U+msb on input line 78.
 (C:\Users\lukes\AppData\Local\Programs\MiKTeX\tex/latex/amsfonts\umsb.fd
File: umsb.fd 2013/01/14 v3.01 AMS symbols B
) (Black-Scholes.toc)
\tf@toc=\write4
\openout4 = `Black-Scholes.toc'.

 [1

{C:/Users/lukes/AppData/Local/MiKTeX/fonts/map/pdftex/pdftex.map}] [2]
<volkswagenShortSqueeze.png, id=13, 462.528pt x 346.896pt>
File: volkswagenShortSqueeze.png Graphic file (type png)
<use volkswagenShortSqueeze.png>
Package pdftex.def Info: volkswagenShortSqueeze.png  used on input line 173.
(pdftex.def)             Requested size: 230.04079pt x 172.53185pt.


LaTeX Warning: `h' float specifier changed to `ht'.

<gameStopPriorValue.png, id=15, 462.528pt x 346.896pt>
File: gameStopPriorValue.png Graphic file (type png)
<use gameStopPriorValue.png>
Package pdftex.def Info: gameStopPriorValue.png  used on input line 191.
(pdftex.def)             Requested size: 230.04079pt x 172.53185pt.
<./images//shortinterest.png, id=16, 542.77782pt x 318.43968pt>
File: ./images//shortinterest.png Graphic file (type png)
<use ./images//shortinterest.png>
Package pdftex.def Info: ./images//shortinterest.png  used on input line 206.
(pdftex.def)             Requested size: 230.04079pt x 134.96335pt.
<gameStopSqueezeValue.png, id=17, 462.528pt x 346.896pt>
File: gameStopSqueezeValue.png Graphic file (type png)
<use gameStopSqueezeValue.png>
Package pdftex.def Info: gameStopSqueezeValue.png  used on input line 227.
(pdftex.def)             Requested size: 230.04079pt x 172.53185pt.
[3] [4 <./volkswagenShortSqueeze.png> <./gameStopPriorValue.png>]

LaTeX Warning: `h' float specifier changed to `ht'.

[5 <./images//shortinterest.png>] [6 <./gameStopSqueezeValue.png>] [7] [8] [9]
<sigmavalue.png, id=52, 462.528pt x 346.896pt>
File: sigmavalue.png Graphic file (type png)
<use sigmavalue.png>
Package pdftex.def Info: sigmavalue.png  used on input line 445.
(pdftex.def)             Requested size: 209.12683pt x 156.84808pt.
<kvalue.png, id=53, 462.528pt x 346.896pt>
File: kvalue.png Graphic file (type png)
<use kvalue.png>
Package pdftex.def Info: kvalue.png  used on input line 462.
(pdftex.def)             Requested size: 209.12683pt x 156.84808pt.


LaTeX Warning: `h' float specifier changed to `ht'.

[10 <./sigmavalue.png>]
<tauvalue.png, id=58, 462.528pt x 346.896pt>
File: tauvalue.png Graphic file (type png)
<use tauvalue.png>
Package pdftex.def Info: tauvalue.png  used on input line 475.
(pdftex.def)             Requested size: 209.12683pt x 156.84808pt.
 [11 <./kvalue.png> <./tauvalue.png>]
Overfull \hbox (36.90096pt too wide) in paragraph at lines 498--498
[]\OT1/cmr/m/n/10.95 John C. Hull. \OT1/cmr/m/it/10.95 Op-tions, Fu-tures and Other Deriva-tives\OT1/cmr/m/n/10.95 . Pear-son, 2018. \OT1/cmr/m/sc/10.95 isbn\OT1/cmr/m/n/10.95 : 9781292212890. 
 []


Overfull \hbox (11.64552pt too wide) in paragraph at lines 498--498
[]\OT1/cmr/m/n/10.95 Steven P. Lal-ley. \OT1/cmr/m/it/10.95 Stochas-tic Dif-fer-en-tial Equa-tions\OT1/cmr/m/n/10.95 . \OT1/cmr/m/sc/10.95 url\OT1/cmr/m/n/10.95 : $\OT1/cmtt/m/n/10.95 https : / / galton . uchicago .
 []

[12] [13] [14]
Overfull \hbox (37.79416pt too wide) detected at line 651
[]
 []

[15] [16] [17] (Black-Scholes.aux)
Package logreq Info: Writing requests to 'Black-Scholes.run.xml'.
\openout1 = `Black-Scholes.run.xml'.

 ) 
Here is how much of TeX's memory you used:
 14097 strings out of 478659
 263916 string characters out of 2845919
 989395 words of memory out of 3000000
 32028 multiletter control sequences out of 15000+600000
 415052 words of font info for 70 fonts, out of 8000000 for 9000
 1141 hyphenation exceptions out of 8191
 69i,13n,79p,785b,1737s stack positions out of 5000i,500n,10000p,200000b,80000s
 <C:\Users\lukes\AppData\Local\MiKTeX\fonts/pk/ljfour/jknappen/ec/dpi600\tcrm1095.pk><C:/Users/lukes/AppData/Local/Programs/MiKTeX/fonts/type1/public/amsfonts/cm/cmbx10.pfb><C:/Users/lukes/AppData/Local/Programs/MiKTeX/fonts/type1/public/amsfonts/cm/cmcsc10.pfb><C:/Users/lukes/AppData/Local/Programs/MiKTeX/fonts/type1/public/amsfonts/cm/cmex10.pfb><C:/Users/lukes/AppData/Local/Programs/MiKTeX/fonts/type1/public/amsfonts/cm/cmmi10.pfb><C:/Users/lukes/AppData/Local/Programs/MiKTeX/fonts/type1/public/amsfonts/cm/cmmi8.pfb><C:/Users/lukes/AppData/Local/Programs/MiKTeX/fonts/type1/public/amsfonts/cm/cmr10.pfb><C:/Users/lukes/AppData/Local/Programs/MiKTeX/fonts/type1/public/amsfonts/cm/cmr12.pfb><C:/Users/lukes/AppData/Local/Programs/MiKTeX/fonts/type1/public/amsfonts/cm/cmr17.pfb><C:/Users/lukes/AppData/Local/Programs/MiKTeX/fonts/type1/public/amsfonts/cm/cmr6.pfb><C:/Users/lukes/AppData/Local/Programs/MiKTeX/fonts/type1/public/amsfonts/cm/cmr8.pfb><C:/Users/lukes/AppData/Local/Programs/MiKTeX/fonts/type1/public/amsfonts/cm/cmss10.pfb><C:/Users/lukes/AppData/Local/Programs/MiKTeX/fonts/type1/public/amsfonts/cm/cmss12.pfb><C:/Users/lukes/AppData/Local/Programs/MiKTeX/fonts/type1/public/amsfonts/cm/cmsy10.pfb><C:/Users/lukes/AppData/Local/Programs/MiKTeX/fonts/type1/public/amsfonts/cm/cmsy8.pfb><C:/Users/lukes/AppData/Local/Programs/MiKTeX/fonts/type1/public/amsfonts/cm/cmti10.pfb><C:/Users/lukes/AppData/Local/Programs/MiKTeX/fonts/type1/public/amsfonts/cm/cmtt10.pfb><C:/Users/lukes/AppData/Local/Programs/MiKTeX/fonts/type1/public/amsfonts/symbols/msbm10.pfb>
Output written on Black-Scholes.pdf (17 pages, 567214 bytes).
PDF statistics:
 162 PDF objects out of 1000 (max. 8388607)
 0 named destinations out of 1000 (max. 500000)
 36 words of extra memory for PDF output out of 10000 (max. 10000000)

